# JRE version: OpenJDK Runtime Environment Temurin-17.0.2+8 (17.0.2+8) (build 17.0.2+8)
# Java VM: OpenJDK 64-Bit Server VM Temurin-17.0.2+8 (17.0.2+8, mixed mode, tiered, compressed oops, compressed class ptrs, g1 gc, windows-amd64)
GC Precious Log:
 CPUs: 16 total, 16 available
 Memory: 28494M
 Large Page Support: Disabled
 NUMA Support: Disabled
 Compressed Oops: Enabled (Zero based)
 Heap Region Size: 4M
 Heap Min Capacity: 8M
 Heap Initial Capacity: 448M
 Heap Max Capacity: 7124M
 Pre-touch: Disabled
 Parallel Workers: 13
 Concurrent Workers: 3
 Concurrent Refinement Workers: 13
 Periodic GC: Disabled
Heap:
 garbage-first heap   total 225280K, used 151971K [0x0000000642c00000, 0x0000000800000000)
  region size 4096K, 17 young (69632K), 1 survivors (4096K)
 Metaspace       used 79560K, committed 80320K, reserved 1122304K
  class space    used 11101K, committed 11456K, reserved 1048576K
GC Heap History (20 events):
Event: 24444.864 GC heap before
{Heap before GC invocations=125 (full 0):
 garbage-first heap   total 221184K, used 187950K [0x0000000642c00000, 0x0000000800000000)
  region size 4096K, 25 young (102400K), 1 survivors (4096K)
 Metaspace       used 79237K, committed 80320K, reserved 1122304K
  class space    used 11049K, committed 11456K, reserved 1048576K
}
Event: 24444.866 GC heap after
{Heap after GC invocations=126 (full 0):
 garbage-first heap   total 221184K, used 89634K [0x0000000642c00000, 0x0000000800000000)
  region size 4096K, 1 young (4096K), 1 survivors (4096K)
 Metaspace       used 79237K, committed 80320K, reserved 1122304K
  class space    used 11049K, committed 11456K, reserved 1048576K
}
Event: 24850.834 GC heap before
{Heap before GC invocations=126 (full 0):
 garbage-first heap   total 221184K, used 187938K [0x0000000642c00000, 0x0000000800000000)
  region size 4096K, 25 young (102400K), 1 survivors (4096K)
 Metaspace       used 79237K, committed 80320K, reserved 1122304K
  class space    used 11049K, committed 11456K, reserved 1048576K
}
Event: 24850.836 GC heap after
{Heap after GC invocations=127 (full 0):
 garbage-first heap   total 221184K, used 89648K [0x0000000642c00000, 0x0000000800000000)
  region size 4096K, 1 young (4096K), 1 survivors (4096K)
 Metaspace       used 79237K, committed 80320K, reserved 1122304K
  class space    used 11049K, committed 11456K, reserved 1048576K
}
Event: 25257.214 GC heap before
{Heap before GC invocations=128 (full 0):
 garbage-first heap   total 221184K, used 187952K [0x0000000642c00000, 0x0000000800000000)
  region size 4096K, 25 young (102400K), 1 survivors (4096K)
 Metaspace       used 79237K, committed 80320K, reserved 1122304K
  class space    used 11049K, committed 11456K, reserved 1048576K
}
Event: 25257.216 GC heap after
{Heap after GC invocations=129 (full 0):
 garbage-first heap   total 221184K, used 89638K [0x0000000642c00000, 0x0000000800000000)
  region size 4096K, 1 young (4096K), 1 survivors (4096K)
 Metaspace       used 79237K, committed 80320K, reserved 1122304K
  class space    used 11049K, committed 11456K, reserved 1048576K
}
Event: 25662.447 GC heap before
{Heap before GC invocations=129 (full 0):
 garbage-first heap   total 221184K, used 187942K [0x0000000642c00000, 0x0000000800000000)
  region size 4096K, 25 young (102400K), 1 survivors (4096K)
 Metaspace       used 79237K, committed 80320K, reserved 1122304K
  class space    used 11049K, committed 11456K, reserved 1048576K
}
Event: 25662.449 GC heap after
{Heap after GC invocations=130 (full 0):
 garbage-first heap   total 221184K, used 89648K [0x0000000642c00000, 0x0000000800000000)
  region size 4096K, 1 young (4096K), 1 survivors (4096K)
 Metaspace       used 79237K, committed 80320K, reserved 1122304K
  class space    used 11049K, committed 11456K, reserved 1048576K
}
Event: 26068.296 GC heap before
{Heap before GC invocations=131 (full 0):
 garbage-first heap   total 221184K, used 187952K [0x0000000642c00000, 0x0000000800000000)
  region size 4096K, 25 young (102400K), 1 survivors (4096K)
 Metaspace       used 79237K, committed 80320K, reserved 1122304K
  class space    used 11049K, committed 11456K, reserved 1048576K
}
Event: 26068.297 GC heap after
{Heap after GC invocations=132 (full 0):
 garbage-first heap   total 221184K, used 89640K [0x0000000642c00000, 0x0000000800000000)
  region size 4096K, 1 young (4096K), 1 survivors (4096K)
 Metaspace       used 79237K, committed 80320K, reserved 1122304K
  class space    used 11049K, committed 11456K, reserved 1048576K
}
Event: 26474.307 GC heap before
{Heap before GC invocations=132 (full 0):
 garbage-first heap   total 221184K, used 187944K [0x0000000642c00000, 0x0000000800000000)
  region size 4096K, 25 young (102400K), 1 survivors (4096K)
 Metaspace       used 79237K, committed 80320K, reserved 1122304K
  class space    used 11049K, committed 11456K, reserved 1048576K
}
Event: 26474.308 GC heap after
{Heap after GC invocations=133 (full 0):
 garbage-first heap   total 221184K, used 89650K [0x0000000642c00000, 0x0000000800000000)
  region size 4096K, 1 young (4096K), 1 survivors (4096K)
 Metaspace       used 79237K, committed 80320K, reserved 1122304K
  class space    used 11049K, committed 11456K, reserved 1048576K
}
Event: 26880.165 GC heap before
{Heap before GC invocations=134 (full 0):
 garbage-first heap   total 221184K, used 187954K [0x0000000642c00000, 0x0000000800000000)
  region size 4096K, 25 young (102400K), 1 survivors (4096K)
 Metaspace       used 79237K, committed 80320K, reserved 1122304K
  class space    used 11049K, committed 11456K, reserved 1048576K
}
Event: 26880.167 GC heap after
{Heap after GC invocations=135 (full 0):
 garbage-first heap   total 221184K, used 89640K [0x0000000642c00000, 0x0000000800000000)
  region size 4096K, 1 young (4096K), 1 survivors (4096K)
 Metaspace       used 79237K, committed 80320K, reserved 1122304K
  class space    used 11049K, committed 11456K, reserved 1048576K
}
Event: 27285.891 GC heap before
{Heap before GC invocations=135 (full 0):
 garbage-first heap   total 221184K, used 187944K [0x0000000642c00000, 0x0000000800000000)
  region size 4096K, 25 young (102400K), 1 survivors (4096K)
 Metaspace       used 79237K, committed 80320K, reserved 1122304K
  class space    used 11049K, committed 11456K, reserved 1048576K
}
Event: 27285.893 GC heap after
{Heap after GC invocations=136 (full 0):
 garbage-first heap   total 221184K, used 89646K [0x0000000642c00000, 0x0000000800000000)
  region size 4096K, 1 young (4096K), 1 survivors (4096K)
 Metaspace       used 79237K, committed 80320K, reserved 1122304K
  class space    used 11049K, committed 11456K, reserved 1048576K
}
Event: 27689.585 GC heap before
{Heap before GC invocations=137 (full 0):
 garbage-first heap   total 221184K, used 187950K [0x0000000642c00000, 0x0000000800000000)
  region size 4096K, 25 young (102400K), 1 survivors (4096K)
 Metaspace       used 79237K, committed 80320K, reserved 1122304K
  class space    used 11049K, committed 11456K, reserved 1048576K
}
Event: 27689.587 GC heap after
{Heap after GC invocations=138 (full 0):
 garbage-first heap   total 221184K, used 89642K [0x0000000642c00000, 0x0000000800000000)
  region size 4096K, 1 young (4096K), 1 survivors (4096K)
 Metaspace       used 79237K, committed 80320K, reserved 1122304K
  class space    used 11049K, committed 11456K, reserved 1048576K
}
Event: 32005.394 GC heap before
{Heap before GC invocations=138 (full 0):
 garbage-first heap   total 221184K, used 183850K [0x0000000642c00000, 0x0000000800000000)
  region size 4096K, 25 young (102400K), 1 survivors (4096K)
 Metaspace       used 79239K, committed 80320K, reserved 1122304K
  class space    used 11049K, committed 11456K, reserved 1048576K
}
Event: 32005.396 GC heap after
{Heap after GC invocations=139 (full 0):
 garbage-first heap   total 221184K, used 90531K [0x0000000642c00000, 0x0000000800000000)
  region size 4096K, 1 young (4096K), 1 survivors (4096K)
 Metaspace       used 79239K, committed 80320K, reserved 1122304K
  class space    used 11049K, committed 11456K, reserved 1048576K
}

